Started GET "/" for 127.0.0.1 at 2017-10-30 21:06:25 +0100
  
ActiveRecord::PendingMigrationError (

Migrations are pending. To resolve this issue, run:

        bin/rails db:migrate RAILS_ENV=development

):
  
activerecord (5.1.2) lib/active_record/migration.rb:576:in `check_pending!'
activerecord (5.1.2) lib/active_record/migration.rb:553:in `call'
actionpack (5.1.2) lib/action_dispatch/middleware/callbacks.rb:26:in `block in call'
activesupport (5.1.2) lib/active_support/callbacks.rb:97:in `run_callbacks'
actionpack (5.1.2) lib/action_dispatch/middleware/callbacks.rb:24:in `call'
actionpack (5.1.2) lib/action_dispatch/middleware/executor.rb:12:in `call'
actionpack (5.1.2) lib/action_dispatch/middleware/debug_exceptions.rb:59:in `call'
web-console (3.5.1) lib/web_console/middleware.rb:135:in `call_app'
web-console (3.5.1) lib/web_console/middleware.rb:28:in `block in call'
web-console (3.5.1) lib/web_console/middleware.rb:18:in `catch'
web-console (3.5.1) lib/web_console/middleware.rb:18:in `call'
actionpack (5.1.2) lib/action_dispatch/middleware/show_exceptions.rb:31:in `call'
railties (5.1.2) lib/rails/rack/logger.rb:36:in `call_app'
railties (5.1.2) lib/rails/rack/logger.rb:24:in `block in call'
activesupport (5.1.2) lib/active_support/tagged_logging.rb:69:in `block in tagged'
activesupport (5.1.2) lib/active_support/tagged_logging.rb:26:in `tagged'
activesupport (5.1.2) lib/active_support/tagged_logging.rb:69:in `tagged'
railties (5.1.2) lib/rails/rack/logger.rb:24:in `call'
sprockets-rails (3.2.1) lib/sprockets/rails/quiet_assets.rb:13:in `call'
actionpack (5.1.2) lib/action_dispatch/middleware/remote_ip.rb:79:in `call'
actionpack (5.1.2) lib/action_dispatch/middleware/request_id.rb:25:in `call'
rack (2.0.3) lib/rack/method_override.rb:22:in `call'
rack (2.0.3) lib/rack/runtime.rb:22:in `call'
activesupport (5.1.2) lib/active_support/cache/strategy/local_cache_middleware.rb:27:in `call'
actionpack (5.1.2) lib/action_dispatch/middleware/executor.rb:12:in `call'
actionpack (5.1.2) lib/action_dispatch/middleware/static.rb:125:in `call'
rack (2.0.3) lib/rack/sendfile.rb:111:in `call'
railties (5.1.2) lib/rails/engine.rb:522:in `call'
puma (3.9.1) lib/puma/configuration.rb:224:in `call'
puma (3.9.1) lib/puma/server.rb:602:in `handle_request'
puma (3.9.1) lib/puma/server.rb:435:in `process_client'
puma (3.9.1) lib/puma/server.rb:299:in `block in run'
puma (3.9.1) lib/puma/thread_pool.rb:120:in `block in spawn_thread'
Started GET "/" for 127.0.0.1 at 2017-10-30 22:01:24 +0100
  
ActiveRecord::PendingMigrationError (

Migrations are pending. To resolve this issue, run:

        bin/rails db:migrate RAILS_ENV=development

):
  
activerecord (5.1.2) lib/active_record/migration.rb:576:in `check_pending!'
activerecord (5.1.2) lib/active_record/migration.rb:553:in `call'
actionpack (5.1.2) lib/action_dispatch/middleware/callbacks.rb:26:in `block in call'
activesupport (5.1.2) lib/active_support/callbacks.rb:97:in `run_callbacks'
actionpack (5.1.2) lib/action_dispatch/middleware/callbacks.rb:24:in `call'
actionpack (5.1.2) lib/action_dispatch/middleware/executor.rb:12:in `call'
actionpack (5.1.2) lib/action_dispatch/middleware/debug_exceptions.rb:59:in `call'
web-console (3.5.1) lib/web_console/middleware.rb:135:in `call_app'
web-console (3.5.1) lib/web_console/middleware.rb:28:in `block in call'
web-console (3.5.1) lib/web_console/middleware.rb:18:in `catch'
web-console (3.5.1) lib/web_console/middleware.rb:18:in `call'
actionpack (5.1.2) lib/action_dispatch/middleware/show_exceptions.rb:31:in `call'
railties (5.1.2) lib/rails/rack/logger.rb:36:in `call_app'
railties (5.1.2) lib/rails/rack/logger.rb:24:in `block in call'
activesupport (5.1.2) lib/active_support/tagged_logging.rb:69:in `block in tagged'
activesupport (5.1.2) lib/active_support/tagged_logging.rb:26:in `tagged'
activesupport (5.1.2) lib/active_support/tagged_logging.rb:69:in `tagged'
railties (5.1.2) lib/rails/rack/logger.rb:24:in `call'
sprockets-rails (3.2.1) lib/sprockets/rails/quiet_assets.rb:13:in `call'
actionpack (5.1.2) lib/action_dispatch/middleware/remote_ip.rb:79:in `call'
actionpack (5.1.2) lib/action_dispatch/middleware/request_id.rb:25:in `call'
rack (2.0.3) lib/rack/method_override.rb:22:in `call'
rack (2.0.3) lib/rack/runtime.rb:22:in `call'
activesupport (5.1.2) lib/active_support/cache/strategy/local_cache_middleware.rb:27:in `call'
actionpack (5.1.2) lib/action_dispatch/middleware/executor.rb:12:in `call'
actionpack (5.1.2) lib/action_dispatch/middleware/static.rb:125:in `call'
rack (2.0.3) lib/rack/sendfile.rb:111:in `call'
railties (5.1.2) lib/rails/engine.rb:522:in `call'
puma (3.9.1) lib/puma/configuration.rb:224:in `call'
puma (3.9.1) lib/puma/server.rb:602:in `handle_request'
puma (3.9.1) lib/puma/server.rb:435:in `process_client'
puma (3.9.1) lib/puma/server.rb:299:in `block in run'
puma (3.9.1) lib/puma/thread_pool.rb:120:in `block in spawn_thread'
  [1m[35m (0.5ms)[0m  [1m[34mSELECT sqlite_version(*)[0m
  [1m[35m (119.3ms)[0m  [1m[35mCREATE TABLE "schema_migrations" ("version" varchar NOT NULL PRIMARY KEY)[0m
  [1m[35m (133.9ms)[0m  [1m[35mCREATE TABLE "ar_internal_metadata" ("key" varchar NOT NULL PRIMARY KEY, "value" varchar, "created_at" datetime NOT NULL, "updated_at" datetime NOT NULL)[0m
  [1m[35m (0.7ms)[0m  [1m[34mSELECT "schema_migrations"."version" FROM "schema_migrations" ORDER BY "schema_migrations"."version" ASC[0m
Migrating to CreateUsers (20171030093758)
  [1m[35m (0.2ms)[0m  [1m[36mbegin transaction[0m
  [1m[35m (4.6ms)[0m  [1m[35mCREATE TABLE "users" ("id" INTEGER PRIMARY KEY AUTOINCREMENT NOT NULL, "email" varchar, "created_at" datetime NOT NULL, "updated_at" datetime NOT NULL)[0m
  [1m[35mSQL (1.6ms)[0m  [1m[32mINSERT INTO "schema_migrations" ("version") VALUES (?)[0m  [["version", "20171030093758"]]
  [1m[35m (150.7ms)[0m  [1m[36mcommit transaction[0m
Migrating to AddIndexToUsersEmail (20171030094246)
  [1m[35m (0.5ms)[0m  [1m[36mbegin transaction[0m
  [1m[35mSQL (1.9ms)[0m  [1m[32mINSERT INTO "schema_migrations" ("version") VALUES (?)[0m  [["version", "20171030094246"]]
  [1m[35m (120.2ms)[0m  [1m[36mcommit transaction[0m
Migrating to AddPasswordDigestToUsers (20171030094439)
  [1m[35m (0.4ms)[0m  [1m[36mbegin transaction[0m
  [1m[35m (1.3ms)[0m  [1m[35mALTER TABLE "users" ADD "password_digest" varchar[0m
  [1m[35mSQL (0.7ms)[0m  [1m[32mINSERT INTO "schema_migrations" ("version") VALUES (?)[0m  [["version", "20171030094439"]]
  [1m[35m (74.9ms)[0m  [1m[36mcommit transaction[0m
Migrating to AddRememberDigestToUsers (20171031093454)
  [1m[35m (0.3ms)[0m  [1m[36mbegin transaction[0m
  [1m[35m (1.8ms)[0m  [1m[35mALTER TABLE "users" ADD "remember_digest" varchar[0m
  [1m[35mSQL (0.9ms)[0m  [1m[32mINSERT INTO "schema_migrations" ("version") VALUES (?)[0m  [["version", "20171031093454"]]
  [1m[35m (73.3ms)[0m  [1m[36mcommit transaction[0m
  [1m[36mActiveRecord::InternalMetadata Load (0.7ms)[0m  [1m[34mSELECT  "ar_internal_metadata".* FROM "ar_internal_metadata" WHERE "ar_internal_metadata"."key" = ? LIMIT ?[0m  [["key", "environment"], ["LIMIT", 1]]
  [1m[35m (0.4ms)[0m  [1m[36mbegin transaction[0m
  [1m[35mSQL (12.0ms)[0m  [1m[32mINSERT INTO "ar_internal_metadata" ("key", "value", "created_at", "updated_at") VALUES (?, ?, ?, ?)[0m  [["key", "environment"], ["value", "development"], ["created_at", "2017-10-31 09:35:59.579836"], ["updated_at", "2017-10-31 09:35:59.579836"]]
  [1m[35m (72.6ms)[0m  [1m[36mcommit transaction[0m
  [1m[35m (0.6ms)[0m  [1m[34mSELECT "schema_migrations"."version" FROM "schema_migrations" ORDER BY "schema_migrations"."version" ASC[0m
Started GET "/gossips/new" for 127.0.0.1 at 2017-10-31 11:13:28 +0100
  [1m[35m (1.0ms)[0m  [1m[34mSELECT "schema_migrations"."version" FROM "schema_migrations" ORDER BY "schema_migrations"."version" ASC[0m
  
ActionController::RoutingError (No route matches [GET] "/gossips/new"):
  
actionpack (5.1.2) lib/action_dispatch/middleware/debug_exceptions.rb:63:in `call'
web-console (3.5.1) lib/web_console/middleware.rb:135:in `call_app'
web-console (3.5.1) lib/web_console/middleware.rb:28:in `block in call'
web-console (3.5.1) lib/web_console/middleware.rb:18:in `catch'
web-console (3.5.1) lib/web_console/middleware.rb:18:in `call'
actionpack (5.1.2) lib/action_dispatch/middleware/show_exceptions.rb:31:in `call'
railties (5.1.2) lib/rails/rack/logger.rb:36:in `call_app'
railties (5.1.2) lib/rails/rack/logger.rb:24:in `block in call'
activesupport (5.1.2) lib/active_support/tagged_logging.rb:69:in `block in tagged'
activesupport (5.1.2) lib/active_support/tagged_logging.rb:26:in `tagged'
activesupport (5.1.2) lib/active_support/tagged_logging.rb:69:in `tagged'
railties (5.1.2) lib/rails/rack/logger.rb:24:in `call'
sprockets-rails (3.2.1) lib/sprockets/rails/quiet_assets.rb:13:in `call'
actionpack (5.1.2) lib/action_dispatch/middleware/remote_ip.rb:79:in `call'
actionpack (5.1.2) lib/action_dispatch/middleware/request_id.rb:25:in `call'
rack (2.0.3) lib/rack/method_override.rb:22:in `call'
rack (2.0.3) lib/rack/runtime.rb:22:in `call'
activesupport (5.1.2) lib/active_support/cache/strategy/local_cache_middleware.rb:27:in `call'
actionpack (5.1.2) lib/action_dispatch/middleware/executor.rb:12:in `call'
actionpack (5.1.2) lib/action_dispatch/middleware/static.rb:125:in `call'
rack (2.0.3) lib/rack/sendfile.rb:111:in `call'
railties (5.1.2) lib/rails/engine.rb:522:in `call'
puma (3.9.1) lib/puma/configuration.rb:224:in `call'
puma (3.9.1) lib/puma/server.rb:602:in `handle_request'
puma (3.9.1) lib/puma/server.rb:435:in `process_client'
puma (3.9.1) lib/puma/server.rb:299:in `block in run'
puma (3.9.1) lib/puma/thread_pool.rb:120:in `block in spawn_thread'
Started GET "/" for 127.0.0.1 at 2017-10-31 11:13:29 +0100
  
SyntaxError (/home/ben/Documents/The_Hacking_Project/Semaine 5/Members2/app/helpers/sessions_helper.rb:59: syntax error, unexpected end-of-input, expecting keyword_end):
  
app/helpers/sessions_helper.rb:59: syntax error, unexpected end-of-input, expecting keyword_end
app/controllers/application_controller.rb:1:in `<top (required)>'
app/controllers/static_pages_controller.rb:1:in `<top (required)>'
Started GET "/" for 127.0.0.1 at 2017-10-31 11:13:49 +0100
  
SyntaxError (/home/ben/Documents/The_Hacking_Project/Semaine 5/Members2/app/helpers/sessions_helper.rb:59: syntax error, unexpected end-of-input, expecting keyword_end):
  
app/helpers/sessions_helper.rb:59: syntax error, unexpected end-of-input, expecting keyword_end
app/controllers/application_controller.rb:1:in `<top (required)>'
app/controllers/static_pages_controller.rb:1:in `<top (required)>'
Started GET "/" for 127.0.0.1 at 2017-10-31 11:13:52 +0100
  
SyntaxError (/home/ben/Documents/The_Hacking_Project/Semaine 5/Members2/app/helpers/sessions_helper.rb:59: syntax error, unexpected end-of-input, expecting keyword_end):
  
app/helpers/sessions_helper.rb:59: syntax error, unexpected end-of-input, expecting keyword_end
app/controllers/application_controller.rb:1:in `<top (required)>'
app/controllers/static_pages_controller.rb:1:in `<top (required)>'
  [1m[35m (1.1ms)[0m  [1m[34mSELECT "schema_migrations"."version" FROM "schema_migrations" ORDER BY "schema_migrations"."version" ASC[0m
  [1m[36mActiveRecord::InternalMetadata Load (0.8ms)[0m  [1m[34mSELECT  "ar_internal_metadata".* FROM "ar_internal_metadata" WHERE "ar_internal_metadata"."key" = ? LIMIT ?[0m  [["key", "environment"], ["LIMIT", 1]]
  [1m[35m (0.4ms)[0m  [1m[36mbegin transaction[0m
  [1m[35m (0.3ms)[0m  [1m[36mcommit transaction[0m
  [1m[35m (0.5ms)[0m  [1m[34mSELECT "schema_migrations"."version" FROM "schema_migrations" ORDER BY "schema_migrations"."version" ASC[0m
Started GET "/" for 127.0.0.1 at 2017-10-31 11:14:42 +0100
  [1m[35m (0.8ms)[0m  [1m[34mSELECT "schema_migrations"."version" FROM "schema_migrations" ORDER BY "schema_migrations"."version" ASC[0m
  
SyntaxError (/home/ben/Documents/The_Hacking_Project/Semaine 5/Members2/app/helpers/sessions_helper.rb:59: syntax error, unexpected end-of-input, expecting keyword_end):
  
app/helpers/sessions_helper.rb:59: syntax error, unexpected end-of-input, expecting keyword_end
app/controllers/application_controller.rb:1:in `<top (required)>'
app/controllers/static_pages_controller.rb:1:in `<top (required)>'
Started GET "/" for 127.0.0.1 at 2017-10-31 11:14:44 +0100
  
SyntaxError (/home/ben/Documents/The_Hacking_Project/Semaine 5/Members2/app/helpers/sessions_helper.rb:59: syntax error, unexpected end-of-input, expecting keyword_end):
  
app/helpers/sessions_helper.rb:59: syntax error, unexpected end-of-input, expecting keyword_end
app/controllers/application_controller.rb:1:in `<top (required)>'
app/controllers/static_pages_controller.rb:1:in `<top (required)>'
Started GET "/login" for 127.0.0.1 at 2017-10-31 11:14:56 +0100
  
SyntaxError (/home/ben/Documents/The_Hacking_Project/Semaine 5/Members2/app/helpers/sessions_helper.rb:59: syntax error, unexpected end-of-input, expecting keyword_end):
  
app/helpers/sessions_helper.rb:59: syntax error, unexpected end-of-input, expecting keyword_end
app/controllers/application_controller.rb:1:in `<top (required)>'
app/controllers/sessions_controller.rb:1:in `<top (required)>'
Started GET "/login" for 127.0.0.1 at 2017-10-31 11:16:42 +0100
  
SyntaxError (/home/ben/Documents/The_Hacking_Project/Semaine 5/Members2/app/helpers/sessions_helper.rb:59: syntax error, unexpected end-of-input, expecting keyword_end):
  
app/helpers/sessions_helper.rb:59: syntax error, unexpected end-of-input, expecting keyword_end
app/controllers/application_controller.rb:1:in `<top (required)>'
app/controllers/sessions_controller.rb:1:in `<top (required)>'
Started GET "/" for 127.0.0.1 at 2017-10-31 11:17:26 +0100
  
SyntaxError (/home/ben/Documents/The_Hacking_Project/Semaine 5/Members2/app/helpers/sessions_helper.rb:59: syntax error, unexpected end-of-input, expecting keyword_end):
  
app/helpers/sessions_helper.rb:59: syntax error, unexpected end-of-input, expecting keyword_end
app/controllers/application_controller.rb:1:in `<top (required)>'
app/controllers/static_pages_controller.rb:1:in `<top (required)>'
Started GET "/" for 127.0.0.1 at 2017-10-31 11:18:29 +0100
Processing by StaticPagesController#home as HTML
  Rendering static_pages/home.html.erb within layouts/application
  Rendered static_pages/home.html.erb within layouts/application (7.2ms)
Completed 500 Internal Server Error in 51ms


  
SyntaxError (/home/ben/Documents/The_Hacking_Project/Semaine 5/Members2/app/models/user.rb:39: syntax error, unexpected end-of-input, expecting keyword_end):
  
app/models/user.rb:39: syntax error, unexpected end-of-input, expecting keyword_end
app/helpers/sessions_helper.rb:29:in `current_user'
app/helpers/sessions_helper.rb:34:in `logged_in?'
app/views/static_pages/home.html.erb:9:in `_app_views_static_pages_home_html_erb___2000404104998945604_69841772176480'
Started GET "/" for 127.0.0.1 at 2017-10-31 11:18:55 +0100
Processing by StaticPagesController#home as HTML
  Rendering static_pages/home.html.erb within layouts/application
  [1m[36mUser Load (0.8ms)[0m  [1m[34mSELECT  "users".* FROM "users" WHERE "users"."id" IS NULL LIMIT ?[0m  [["LIMIT", 1]]
  Rendered static_pages/home.html.erb within layouts/application (27.6ms)
  Rendered layouts/_shim.html.erb (1.2ms)
  [1m[36mCACHE User Load (0.1ms)[0m  [1m[34mSELECT  "users".* FROM "users" WHERE "users"."id" IS NULL LIMIT ?[0m  [["LIMIT", 1]]
  Rendered layouts/_header.html.erb (7.0ms)
  Rendered layouts/_footer.html.erb (1.5ms)
Completed 200 OK in 16194ms (Views: 16187.9ms | ActiveRecord: 3.3ms)


Started GET "/signup" for 127.0.0.1 at 2017-10-31 11:21:19 +0100
Processing by UsersController#new as HTML
  Rendering users/new.html.erb within layouts/application
  Rendered shared/_error_messages.html.erb (1.7ms)
  Rendered users/_form.html.erb (128.6ms)
  Rendered users/new.html.erb within layouts/application (132.2ms)
  Rendered layouts/_shim.html.erb (2.3ms)
  [1m[36mUser Load (0.7ms)[0m  [1m[34mSELECT  "users".* FROM "users" WHERE "users"."id" IS NULL LIMIT ?[0m  [["LIMIT", 1]]
  Rendered layouts/_header.html.erb (5.6ms)
  Rendered layouts/_footer.html.erb (1.3ms)
Completed 200 OK in 296ms (Views: 259.7ms | ActiveRecord: 7.1ms)


Started POST "/users" for 127.0.0.1 at 2017-10-31 11:21:30 +0100
Processing by UsersController#create as HTML
  Parameters: {"utf8"=>"✓", "authenticity_token"=>"RaROJZ6zP9AgUmPZA3t11wyoSX4wQbBP/Lfy0CR5du1N94jjJSauLPOZN4EfkfQUhP/RlZQSIaM9x9GMsvEM5A==", "user"=>{"email"=>"zem@el.con", "password"=>"[FILTERED]"}, "commit"=>"Créer un Compte"}
  [1m[35m (0.2ms)[0m  [1m[36mbegin transaction[0m
  [1m[36mUser Exists (0.7ms)[0m  [1m[34mSELECT  1 AS one FROM "users" WHERE LOWER("users"."email") = LOWER(?) LIMIT ?[0m  [["email", "zem@el.con"], ["LIMIT", 1]]
  [1m[35m (0.2ms)[0m  [1m[31mrollback transaction[0m
  Rendering users/new.html.erb within layouts/application
  Rendered shared/_error_messages.html.erb (3.2ms)
  Rendered users/_form.html.erb (12.0ms)
  Rendered users/new.html.erb within layouts/application (15.8ms)
  Rendered layouts/_shim.html.erb (1.4ms)
  [1m[36mUser Load (0.6ms)[0m  [1m[34mSELECT  "users".* FROM "users" WHERE "users"."id" IS NULL LIMIT ?[0m  [["LIMIT", 1]]
  Rendered layouts/_header.html.erb (6.6ms)
  Rendered layouts/_footer.html.erb (1.3ms)
Completed 200 OK in 341ms (Views: 153.8ms | ActiveRecord: 1.7ms)


Started POST "/users" for 127.0.0.1 at 2017-10-31 11:21:39 +0100
Processing by UsersController#create as HTML
  Parameters: {"utf8"=>"✓", "authenticity_token"=>"YpeE1TII+0m9GhTtWmEoKEwQ6810GOi2m+im1RAgwd8rgTnncP4Qe/OBNZUTgHQRt8xLHn0+qhbBbtxsOZ5aHA==", "user"=>{"email"=>"zem@el.con", "password"=>"[FILTERED]"}, "commit"=>"Créer un Compte"}
  [1m[35m (0.2ms)[0m  [1m[36mbegin transaction[0m
  [1m[36mUser Exists (0.6ms)[0m  [1m[34mSELECT  1 AS one FROM "users" WHERE LOWER("users"."email") = LOWER(?) LIMIT ?[0m  [["email", "zem@el.con"], ["LIMIT", 1]]
  [1m[35mSQL (3.7ms)[0m  [1m[32mINSERT INTO "users" ("email", "created_at", "updated_at", "password_digest") VALUES (?, ?, ?, ?)[0m  [["email", "zem@el.con"], ["created_at", "2017-10-31 10:21:39.279698"], ["updated_at", "2017-10-31 10:21:39.279698"], ["password_digest", "$2a$10$9rqlbLXR6QjA0s76UqfywOGUsO5MBJeeYJRzUz4UxjjsXrvCnYYrq"]]
  [1m[35m (88.7ms)[0m  [1m[36mcommit transaction[0m
Redirected to http://localhost:3000/users/1
Completed 302 Found in 298ms (ActiveRecord: 93.2ms)


Started GET "/users/1" for 127.0.0.1 at 2017-10-31 11:21:39 +0100
Processing by UsersController#show as HTML
  Parameters: {"id"=>"1"}
  [1m[36mUser Load (0.8ms)[0m  [1m[34mSELECT  "users".* FROM "users" WHERE "users"."id" = ? LIMIT ?[0m  [["id", 1], ["LIMIT", 1]]
  Rendering users/show.html.erb within layouts/application
  Rendered users/show.html.erb within layouts/application (1.1ms)
  Rendered layouts/_shim.html.erb (1.0ms)
  [1m[36mUser Load (0.6ms)[0m  [1m[34mSELECT  "users".* FROM "users" WHERE "users"."id" = ? LIMIT ?[0m  [["id", 1], ["LIMIT", 1]]
  Rendered layouts/_header.html.erb (10.6ms)
  Rendered layouts/_footer.html.erb (1.3ms)
Completed 200 OK in 192ms (Views: 159.4ms | ActiveRecord: 1.3ms)


Started GET "/static_pages/reponse" for 127.0.0.1 at 2017-10-31 11:21:43 +0100
Processing by StaticPagesController#reponse as HTML
  [1m[36mUser Load (0.4ms)[0m  [1m[34mSELECT  "users".* FROM "users" WHERE "users"."id" = ? LIMIT ?[0m  [["id", 1], ["LIMIT", 1]]
  Rendering static_pages/reponse.html.erb within layouts/application
  Rendered static_pages/reponse.html.erb within layouts/application (1.5ms)
  Rendered layouts/_shim.html.erb (1.1ms)
  Rendered layouts/_header.html.erb (3.5ms)
  Rendered layouts/_footer.html.erb (1.4ms)
Completed 200 OK in 172ms (Views: 166.8ms | ActiveRecord: 0.4ms)


Started GET "/users/1" for 127.0.0.1 at 2017-10-31 11:21:48 +0100
Processing by UsersController#show as HTML
  Parameters: {"id"=>"1"}
  [1m[36mUser Load (0.4ms)[0m  [1m[34mSELECT  "users".* FROM "users" WHERE "users"."id" = ? LIMIT ?[0m  [["id", 1], ["LIMIT", 1]]
  Rendering users/show.html.erb within layouts/application
  Rendered users/show.html.erb within layouts/application (1.2ms)
  Rendered layouts/_shim.html.erb (1.0ms)
  [1m[36mUser Load (0.4ms)[0m  [1m[34mSELECT  "users".* FROM "users" WHERE "users"."id" = ? LIMIT ?[0m  [["id", 1], ["LIMIT", 1]]
  Rendered layouts/_header.html.erb (6.9ms)
  Rendered layouts/_footer.html.erb (1.6ms)
Completed 200 OK in 250ms (Views: 243.0ms | ActiveRecord: 0.8ms)


Started GET "/" for 127.0.0.1 at 2017-10-31 11:21:50 +0100
Processing by StaticPagesController#home as HTML
  Rendering static_pages/home.html.erb within layouts/application
  [1m[36mUser Load (0.4ms)[0m  [1m[34mSELECT  "users".* FROM "users" WHERE "users"."id" = ? LIMIT ?[0m  [["id", 1], ["LIMIT", 1]]
  Rendered static_pages/home.html.erb within layouts/application (8.0ms)
  Rendered layouts/_shim.html.erb (1.3ms)
  Rendered layouts/_header.html.erb (3.8ms)
  Rendered layouts/_footer.html.erb (1.5ms)
Completed 200 OK in 171ms (Views: 161.4ms | ActiveRecord: 0.4ms)


Started GET "/" for 127.0.0.1 at 2017-10-31 11:22:30 +0100
Processing by StaticPagesController#home as HTML
  Rendering static_pages/home.html.erb within layouts/application
  [1m[36mUser Load (0.4ms)[0m  [1m[34mSELECT  "users".* FROM "users" WHERE "users"."id" = ? LIMIT ?[0m  [["id", 1], ["LIMIT", 1]]
  Rendered static_pages/home.html.erb within layouts/application (4.6ms)
  Rendered layouts/_shim.html.erb (1.6ms)
  Rendered layouts/_header.html.erb (3.7ms)
  Rendered layouts/_footer.html.erb (1.4ms)
Completed 200 OK in 196ms (Views: 191.5ms | ActiveRecord: 0.4ms)


Started GET "/" for 127.0.0.1 at 2017-10-31 11:22:39 +0100
Processing by StaticPagesController#home as HTML
  Rendering static_pages/home.html.erb within layouts/application
  [1m[36mUser Load (7.1ms)[0m  [1m[34mSELECT  "users".* FROM "users" WHERE "users"."id" = ? LIMIT ?[0m  [["id", 1], ["LIMIT", 1]]
  Rendered static_pages/home.html.erb within layouts/application (10.9ms)
  Rendered layouts/_shim.html.erb (1.0ms)
  Rendered layouts/_header.html.erb (4.0ms)
  Rendered layouts/_footer.html.erb (1.5ms)
Completed 200 OK in 168ms (Views: 157.8ms | ActiveRecord: 7.1ms)


Started DELETE "/logout" for 127.0.0.1 at 2017-10-31 11:22:46 +0100
Processing by SessionsController#destroy as HTML
  Parameters: {"authenticity_token"=>"wT1IEYxoMOiMEa6sWgvTSb5FXne+pcBv3CvSvAJojXeIK/Ujzp7b2sKKj9QT6o9wRZn+pLeDgs+GragFK9YWtA=="}
  [1m[36mUser Load (0.6ms)[0m  [1m[34mSELECT  "users".* FROM "users" WHERE "users"."id" = ? LIMIT ?[0m  [["id", 1], ["LIMIT", 1]]
Completed 500 Internal Server Error in 38ms (ActiveRecord: 0.6ms)


  
NoMethodError (undefined method `forget' for #<User:0x00007f0aa20cccf0>):
  
app/helpers/sessions_helper.rb:38:in `forget'
app/helpers/sessions_helper.rb:44:in `log_out'
app/controllers/sessions_controller.rb:18:in `destroy'
Started DELETE "/logout" for 127.0.0.1 at 2017-10-31 11:38:02 +0100
Processing by SessionsController#destroy as HTML
  Parameters: {"authenticity_token"=>"wT1IEYxoMOiMEa6sWgvTSb5FXne+pcBv3CvSvAJojXeIK/Ujzp7b2sKKj9QT6o9wRZn+pLeDgs+GragFK9YWtA=="}
  [1m[36mUser Load (0.6ms)[0m  [1m[34mSELECT  "users".* FROM "users" WHERE "users"."id" = ? LIMIT ?[0m  [["id", 1], ["LIMIT", 1]]
Completed 500 Internal Server Error in 78ms (ActiveRecord: 6.1ms)


  
NoMethodError (undefined method `forget' for #<User:0x00007f0a8145a0c8>):
  
app/helpers/sessions_helper.rb:38:in `forget'
app/helpers/sessions_helper.rb:44:in `log_out'
app/controllers/sessions_controller.rb:18:in `destroy'
Started GET "/" for 127.0.0.1 at 2017-10-31 11:38:19 +0100
Processing by StaticPagesController#home as HTML
  Rendering static_pages/home.html.erb within layouts/application
  [1m[36mUser Load (1.3ms)[0m  [1m[34mSELECT  "users".* FROM "users" WHERE "users"."id" = ? LIMIT ?[0m  [["id", 1], ["LIMIT", 1]]
  Rendered static_pages/home.html.erb within layouts/application (6.1ms)
  Rendered layouts/_shim.html.erb (1.3ms)
  Rendered layouts/_header.html.erb (4.6ms)
  Rendered layouts/_footer.html.erb (1.3ms)
Completed 200 OK in 159ms (Views: 154.2ms | ActiveRecord: 1.3ms)


Started DELETE "/logout" for 127.0.0.1 at 2017-10-31 11:38:25 +0100
Processing by SessionsController#destroy as HTML
  Parameters: {"authenticity_token"=>"UfDbSlpAtSXjxTIdeYFVNtlKXHrfRjLLityZTbMQl28Y5mZ4GLZeF61eE2UwYAkPIpb8qdZgcGvQWuP0mq4MrA=="}
  [1m[36mUser Load (0.4ms)[0m  [1m[34mSELECT  "users".* FROM "users" WHERE "users"."id" = ? LIMIT ?[0m  [["id", 1], ["LIMIT", 1]]
Completed 500 Internal Server Error in 37ms (ActiveRecord: 0.4ms)


  
NoMethodError (undefined method `forget' for #<User:0x00007f0a981714d0>):
  
app/helpers/sessions_helper.rb:38:in `forget'
app/helpers/sessions_helper.rb:44:in `log_out'
app/controllers/sessions_controller.rb:18:in `destroy'
Started DELETE "/logout" for 127.0.0.1 at 2017-10-31 11:38:59 +0100
Processing by SessionsController#destroy as HTML
  Parameters: {"authenticity_token"=>"UfDbSlpAtSXjxTIdeYFVNtlKXHrfRjLLityZTbMQl28Y5mZ4GLZeF61eE2UwYAkPIpb8qdZgcGvQWuP0mq4MrA=="}
  [1m[36mUser Load (0.7ms)[0m  [1m[34mSELECT  "users".* FROM "users" WHERE "users"."id" = ? LIMIT ?[0m  [["id", 1], ["LIMIT", 1]]
Completed 500 Internal Server Error in 112ms (ActiveRecord: 4.5ms)


  
NoMethodError (undefined method `forget' for #<User:0x00007f0aa43064b0>):
  
app/helpers/sessions_helper.rb:38:in `forget'
app/helpers/sessions_helper.rb:44:in `log_out'
app/controllers/sessions_controller.rb:18:in `destroy'
Started GET "/l" for 127.0.0.1 at 2017-10-31 11:39:05 +0100
  
ActionController::RoutingError (No route matches [GET] "/l"):
  
actionpack (5.1.2) lib/action_dispatch/middleware/debug_exceptions.rb:63:in `call'
web-console (3.5.1) lib/web_console/middleware.rb:135:in `call_app'
web-console (3.5.1) lib/web_console/middleware.rb:28:in `block in call'
web-console (3.5.1) lib/web_console/middleware.rb:18:in `catch'
web-console (3.5.1) lib/web_console/middleware.rb:18:in `call'
actionpack (5.1.2) lib/action_dispatch/middleware/show_exceptions.rb:31:in `call'
railties (5.1.2) lib/rails/rack/logger.rb:36:in `call_app'
railties (5.1.2) lib/rails/rack/logger.rb:24:in `block in call'
activesupport (5.1.2) lib/active_support/tagged_logging.rb:69:in `block in tagged'
activesupport (5.1.2) lib/active_support/tagged_logging.rb:26:in `tagged'
activesupport (5.1.2) lib/active_support/tagged_logging.rb:69:in `tagged'
railties (5.1.2) lib/rails/rack/logger.rb:24:in `call'
sprockets-rails (3.2.1) lib/sprockets/rails/quiet_assets.rb:13:in `call'
actionpack (5.1.2) lib/action_dispatch/middleware/remote_ip.rb:79:in `call'
actionpack (5.1.2) lib/action_dispatch/middleware/request_id.rb:25:in `call'
rack (2.0.3) lib/rack/method_override.rb:22:in `call'
rack (2.0.3) lib/rack/runtime.rb:22:in `call'
activesupport (5.1.2) lib/active_support/cache/strategy/local_cache_middleware.rb:27:in `call'
actionpack (5.1.2) lib/action_dispatch/middleware/executor.rb:12:in `call'
actionpack (5.1.2) lib/action_dispatch/middleware/static.rb:125:in `call'
rack (2.0.3) lib/rack/sendfile.rb:111:in `call'
railties (5.1.2) lib/rails/engine.rb:522:in `call'
puma (3.9.1) lib/puma/configuration.rb:224:in `call'
puma (3.9.1) lib/puma/server.rb:602:in `handle_request'
puma (3.9.1) lib/puma/server.rb:435:in `process_client'
puma (3.9.1) lib/puma/server.rb:299:in `block in run'
puma (3.9.1) lib/puma/thread_pool.rb:120:in `block in spawn_thread'
Started GET "/" for 127.0.0.1 at 2017-10-31 11:39:08 +0100
Processing by StaticPagesController#home as HTML
  Rendering static_pages/home.html.erb within layouts/application
  [1m[36mUser Load (0.4ms)[0m  [1m[34mSELECT  "users".* FROM "users" WHERE "users"."id" = ? LIMIT ?[0m  [["id", 1], ["LIMIT", 1]]
  Rendered static_pages/home.html.erb within layouts/application (5.6ms)
  Rendered layouts/_shim.html.erb (0.9ms)
  Rendered layouts/_header.html.erb (5.3ms)
  Rendered layouts/_footer.html.erb (1.6ms)
Completed 200 OK in 192ms (Views: 188.2ms | ActiveRecord: 0.4ms)


Started DELETE "/logout" for 127.0.0.1 at 2017-10-31 11:39:15 +0100
Processing by SessionsController#destroy as HTML
  Parameters: {"authenticity_token"=>"RO/DClp62zxSqtMJiDii0bVA18yvdz/M98UCvcdftpcN+X44GIwwDhwx8nHB2f7oTpx3H6ZRfWytQ3gE7uEtVA=="}
  [1m[36mUser Load (0.5ms)[0m  [1m[34mSELECT  "users".* FROM "users" WHERE "users"."id" = ? LIMIT ?[0m  [["id", 1], ["LIMIT", 1]]
Completed 500 Internal Server Error in 35ms (ActiveRecord: 0.5ms)


  
NoMethodError (undefined method `forget' for #<User:0x00007f0aa3a571c0>):
  
app/helpers/sessions_helper.rb:38:in `forget'
app/helpers/sessions_helper.rb:44:in `log_out'
app/controllers/sessions_controller.rb:18:in `destroy'
Started DELETE "/logout" for 127.0.0.1 at 2017-10-31 11:41:18 +0100
  
SyntaxError (/home/ben/Documents/The_Hacking_Project/Semaine 5/Members2/app/controllers/sessions_controller.rb:9: syntax error, unexpected ':', expecting keyword_end
            remember(user): forget(user) 
                           ^):
  
app/controllers/sessions_controller.rb:9: syntax error, unexpected ':', expecting keyword_end
Started GET "/" for 127.0.0.1 at 2017-10-31 11:41:23 +0100
Processing by StaticPagesController#home as HTML
  Rendering static_pages/home.html.erb within layouts/application
  [1m[36mUser Load (0.6ms)[0m  [1m[34mSELECT  "users".* FROM "users" WHERE "users"."id" = ? LIMIT ?[0m  [["id", 1], ["LIMIT", 1]]
  Rendered static_pages/home.html.erb within layouts/application (47.6ms)
  Rendered layouts/_shim.html.erb (1.0ms)
  Rendered layouts/_header.html.erb (4.3ms)
  Rendered layouts/_footer.html.erb (1.4ms)
Completed 200 OK in 202ms (Views: 198.8ms | ActiveRecord: 5.0ms)


Started DELETE "/logout" for 127.0.0.1 at 2017-10-31 11:41:29 +0100
  
SyntaxError (/home/ben/Documents/The_Hacking_Project/Semaine 5/Members2/app/controllers/sessions_controller.rb:9: syntax error, unexpected ':', expecting keyword_end
            remember(user): forget(user) 
                           ^):
  
app/controllers/sessions_controller.rb:9: syntax error, unexpected ':', expecting keyword_end
Started GET "/" for 127.0.0.1 at 2017-10-31 11:42:32 +0100
Processing by StaticPagesController#home as HTML
  Rendering static_pages/home.html.erb within layouts/application
  [1m[36mUser Load (0.6ms)[0m  [1m[34mSELECT  "users".* FROM "users" WHERE "users"."id" = ? LIMIT ?[0m  [["id", 1], ["LIMIT", 1]]
  Rendered static_pages/home.html.erb within layouts/application (45.2ms)
  Rendered layouts/_shim.html.erb (1.1ms)
  Rendered layouts/_header.html.erb (4.4ms)
  Rendered layouts/_footer.html.erb (1.4ms)
Completed 200 OK in 179ms (Views: 174.1ms | ActiveRecord: 5.7ms)


Started DELETE "/logout" for 127.0.0.1 at 2017-10-31 11:42:36 +0100
  
SyntaxError (/home/ben/Documents/The_Hacking_Project/Semaine 5/Members2/app/controllers/sessions_controller.rb:9: syntax error, unexpected ':', expecting keyword_end
            remember(user) : forget(user) 
                            ^):
  
app/controllers/sessions_controller.rb:9: syntax error, unexpected ':', expecting keyword_end
Started GET "/" for 127.0.0.1 at 2017-10-31 11:43:49 +0100
Processing by StaticPagesController#home as HTML
  Rendering static_pages/home.html.erb within layouts/application
  [1m[36mUser Load (0.7ms)[0m  [1m[34mSELECT  "users".* FROM "users" WHERE "users"."id" = ? LIMIT ?[0m  [["id", 1], ["LIMIT", 1]]
  Rendered static_pages/home.html.erb within layouts/application (47.3ms)
  Rendered layouts/_shim.html.erb (1.1ms)
  Rendered layouts/_header.html.erb (4.6ms)
  Rendered layouts/_footer.html.erb (1.6ms)
Completed 200 OK in 181ms (Views: 177.3ms | ActiveRecord: 6.4ms)


Started DELETE "/logout" for 127.0.0.1 at 2017-10-31 11:43:55 +0100
Processing by SessionsController#destroy as HTML
  Parameters: {"authenticity_token"=>"Cxu0yvBQvDn1+byxvR5MgjyR7711gEqPzzYQu05DHaNCDQn4sqZXC7tincn0/xC7x01PbnymCC+VsGoCZ/2GYA=="}
  [1m[36mUser Load (0.4ms)[0m  [1m[34mSELECT  "users".* FROM "users" WHERE "users"."id" = ? LIMIT ?[0m  [["id", 1], ["LIMIT", 1]]
Completed 500 Internal Server Error in 38ms (ActiveRecord: 0.4ms)


  
NoMethodError (undefined method `forget' for #<User:0x00007f0aa1fa6c90>):
  
app/helpers/sessions_helper.rb:38:in `forget'
app/helpers/sessions_helper.rb:44:in `log_out'
app/controllers/sessions_controller.rb:19:in `destroy'
Started GET "/" for 127.0.0.1 at 2017-10-31 11:46:23 +0100
Processing by StaticPagesController#home as HTML
  Rendering static_pages/home.html.erb within layouts/application
  [1m[36mUser Load (0.4ms)[0m  [1m[34mSELECT  "users".* FROM "users" WHERE "users"."id" = ? LIMIT ?[0m  [["id", 1], ["LIMIT", 1]]
  Rendered static_pages/home.html.erb within layouts/application (4.1ms)
  Rendered layouts/_shim.html.erb (1.4ms)
  Rendered layouts/_header.html.erb (5.6ms)
  Rendered layouts/_footer.html.erb (3.3ms)
Completed 200 OK in 209ms (Views: 201.9ms | ActiveRecord: 0.4ms)


Started DELETE "/logout" for 127.0.0.1 at 2017-10-31 11:46:28 +0100
Processing by SessionsController#destroy as HTML
  Parameters: {"authenticity_token"=>"/4f3A2VC1t7lrdnpacRSWgFe8PfC367mnJF2csd4oxO2kUoxJ7Q97Ks2+JEgJQ5j+oJQJMv57EbGFwzL7sY40A=="}
  [1m[36mUser Load (0.7ms)[0m  [1m[34mSELECT  "users".* FROM "users" WHERE "users"."id" = ? LIMIT ?[0m  [["id", 1], ["LIMIT", 1]]
Completed 500 Internal Server Error in 36ms (ActiveRecord: 0.7ms)


  
NoMethodError (undefined method `forget' for #<User:0x00007f0aac3c30f8>):
  
app/helpers/sessions_helper.rb:38:in `forget'
app/helpers/sessions_helper.rb:44:in `log_out'
app/controllers/sessions_controller.rb:19:in `destroy'
Started DELETE "/logout" for 127.0.0.1 at 2017-10-31 11:48:06 +0100
Processing by SessionsController#destroy as HTML
  Parameters: {"authenticity_token"=>"/4f3A2VC1t7lrdnpacRSWgFe8PfC367mnJF2csd4oxO2kUoxJ7Q97Ks2+JEgJQ5j+oJQJMv57EbGFwzL7sY40A=="}
  [1m[36mUser Load (0.6ms)[0m  [1m[34mSELECT  "users".* FROM "users" WHERE "users"."id" = ? LIMIT ?[0m  [["id", 1], ["LIMIT", 1]]
Completed 500 Internal Server Error in 127ms (ActiveRecord: 17.8ms)


  
NoMethodError (private method `forget' called for #<User:0x00007f0aa41bfef8>):
  
app/helpers/sessions_helper.rb:38:in `forget'
app/helpers/sessions_helper.rb:44:in `log_out'
app/controllers/sessions_controller.rb:19:in `destroy'
Started DELETE "/logout" for 127.0.0.1 at 2017-10-31 11:49:02 +0100
Processing by SessionsController#destroy as HTML
  Parameters: {"authenticity_token"=>"/4f3A2VC1t7lrdnpacRSWgFe8PfC367mnJF2csd4oxO2kUoxJ7Q97Ks2+JEgJQ5j+oJQJMv57EbGFwzL7sY40A=="}
  [1m[36mUser Load (0.7ms)[0m  [1m[34mSELECT  "users".* FROM "users" WHERE "users"."id" = ? LIMIT ?[0m  [["id", 1], ["LIMIT", 1]]
Completed 500 Internal Server Error in 80ms (ActiveRecord: 6.1ms)


  
NoMethodError (private method `forget' called for #<User:0x00007f0aa1d5b170>):
  
app/helpers/sessions_helper.rb:38:in `forget'
app/helpers/sessions_helper.rb:44:in `log_out'
app/controllers/sessions_controller.rb:19:in `destroy'
Started DELETE "/logout" for 127.0.0.1 at 2017-10-31 11:49:11 +0100
Processing by SessionsController#destroy as HTML
  Parameters: {"authenticity_token"=>"/4f3A2VC1t7lrdnpacRSWgFe8PfC367mnJF2csd4oxO2kUoxJ7Q97Ks2+JEgJQ5j+oJQJMv57EbGFwzL7sY40A=="}
  [1m[36mUser Load (0.4ms)[0m  [1m[34mSELECT  "users".* FROM "users" WHERE "users"."id" = ? LIMIT ?[0m  [["id", 1], ["LIMIT", 1]]
Completed 500 Internal Server Error in 55ms (ActiveRecord: 0.4ms)


  
NoMethodError (private method `forget' called for #<User:0x00007f0aa3198c78>):
  
app/helpers/sessions_helper.rb:38:in `forget'
app/helpers/sessions_helper.rb:44:in `log_out'
app/controllers/sessions_controller.rb:19:in `destroy'
Started GET "/" for 127.0.0.1 at 2017-10-31 11:54:46 +0100
Processing by StaticPagesController#home as HTML
  Rendering static_pages/home.html.erb within layouts/application
  [1m[36mUser Load (0.9ms)[0m  [1m[34mSELECT  "users".* FROM "users" WHERE "users"."id" = ? LIMIT ?[0m  [["id", 1], ["LIMIT", 1]]
  Rendered static_pages/home.html.erb within layouts/application (55.0ms)
  Rendered layouts/_shim.html.erb (1.4ms)
  Rendered layouts/_header.html.erb (4.4ms)
  Rendered layouts/_footer.html.erb (1.4ms)
Completed 200 OK in 205ms (Views: 200.3ms | ActiveRecord: 5.2ms)


Started DELETE "/logout" for 127.0.0.1 at 2017-10-31 11:54:49 +0100
Processing by SessionsController#destroy as HTML
  Parameters: {"authenticity_token"=>"4hcuZI3J6Lf8WtbfSKoPQgv8ZtXh9sR8Pk7ERo1kScOrAZNWzz8DhbLB96cBS1N78CDGBujQhtxkyL7/pNrSAA=="}
  [1m[36mUser Load (5.6ms)[0m  [1m[34mSELECT  "users".* FROM "users" WHERE "users"."id" = ? LIMIT ?[0m  [["id", 1], ["LIMIT", 1]]
Completed 500 Internal Server Error in 38ms (ActiveRecord: 5.6ms)


  
NoMethodError (private method `forget' called for #<User:0x00007f0aa2a3ec70>):
  
app/helpers/sessions_helper.rb:38:in `forget'
app/helpers/sessions_helper.rb:44:in `log_out'
app/controllers/sessions_controller.rb:18:in `destroy'
Started DELETE "/logout" for 127.0.0.1 at 2017-10-31 11:57:02 +0100
Processing by SessionsController#destroy as HTML
  Parameters: {"authenticity_token"=>"4hcuZI3J6Lf8WtbfSKoPQgv8ZtXh9sR8Pk7ERo1kScOrAZNWzz8DhbLB96cBS1N78CDGBujQhtxkyL7/pNrSAA=="}
Completed 500 Internal Server Error in 6ms


  
SyntaxError (/home/ben/Documents/The_Hacking_Project/Semaine 5/Members2/app/models/user.rb:43: syntax error, unexpected keyword_end, expecting end-of-input):
  
app/models/user.rb:43: syntax error, unexpected keyword_end, expecting end-of-input
app/helpers/sessions_helper.rb:29:in `current_user'
app/helpers/sessions_helper.rb:34:in `logged_in?'
app/controllers/sessions_controller.rb:18:in `destroy'
Started GET "/" for 127.0.0.1 at 2017-10-31 11:57:43 +0100
Processing by StaticPagesController#home as HTML
  Rendering static_pages/home.html.erb within layouts/application
  Rendered static_pages/home.html.erb within layouts/application (5.1ms)
Completed 500 Internal Server Error in 15ms


  
SyntaxError (/home/ben/Documents/The_Hacking_Project/Semaine 5/Members2/app/models/user.rb:43: syntax error, unexpected keyword_end, expecting end-of-input):
  
app/models/user.rb:43: syntax error, unexpected keyword_end, expecting end-of-input
app/helpers/sessions_helper.rb:29:in `current_user'
app/helpers/sessions_helper.rb:34:in `logged_in?'
app/views/static_pages/home.html.erb:9:in `_app_views_static_pages_home_html_erb___2000404104998945604_69841739653200'
Started GET "/" for 127.0.0.1 at 2017-10-31 11:58:50 +0100
Processing by StaticPagesController#home as HTML
  Rendering static_pages/home.html.erb within layouts/application
  [1m[36mUser Load (0.6ms)[0m  [1m[34mSELECT  "users".* FROM "users" WHERE "users"."id" = ? LIMIT ?[0m  [["id", 1], ["LIMIT", 1]]
  Rendered static_pages/home.html.erb within layouts/application (42.3ms)
  Rendered layouts/_shim.html.erb (1.1ms)
  Rendered layouts/_header.html.erb (4.8ms)
  Rendered layouts/_footer.html.erb (1.5ms)
Completed 200 OK in 175ms (Views: 171.7ms | ActiveRecord: 5.5ms)


Started DELETE "/logout" for 127.0.0.1 at 2017-10-31 11:58:54 +0100
Processing by SessionsController#destroy as HTML
  Parameters: {"authenticity_token"=>"9yc6vh1WVPqpVLN8vTXhjgjqjzP/i+cTl3j6U1a2M5G+MYeMX6C/yOfPkgT01L238zYv4PatpbPN/oDqfwioUg=="}
  [1m[36mUser Load (3.4ms)[0m  [1m[34mSELECT  "users".* FROM "users" WHERE "users"."id" = ? LIMIT ?[0m  [["id", 1], ["LIMIT", 1]]
Redirected to http://localhost:3000/
Completed 302 Found in 10ms (ActiveRecord: 3.4ms)


Started GET "/" for 127.0.0.1 at 2017-10-31 11:58:54 +0100
Processing by StaticPagesController#home as HTML
  Rendering static_pages/home.html.erb within layouts/application
  [1m[36mUser Load (0.6ms)[0m  [1m[34mSELECT  "users".* FROM "users" WHERE "users"."id" IS NULL LIMIT ?[0m  [["LIMIT", 1]]
  Rendered static_pages/home.html.erb within layouts/application (5.2ms)
  Rendered layouts/_shim.html.erb (1.2ms)
  [1m[36mCACHE User Load (0.1ms)[0m  [1m[34mSELECT  "users".* FROM "users" WHERE "users"."id" IS NULL LIMIT ?[0m  [["LIMIT", 1]]
  Rendered layouts/_header.html.erb (5.0ms)
  Rendered layouts/_footer.html.erb (1.4ms)
Completed 200 OK in 218ms (Views: 192.3ms | ActiveRecord: 0.6ms)


Started GET "/signup" for 127.0.0.1 at 2017-10-31 12:19:24 +0100
Processing by UsersController#new as HTML
  Rendering users/new.html.erb within layouts/application
  Rendered shared/_error_messages.html.erb (1.6ms)
  Rendered users/_form.html.erb (11.3ms)
  Rendered users/new.html.erb within layouts/application (15.5ms)
  Rendered layouts/_shim.html.erb (1.0ms)
  [1m[36mUser Load (0.6ms)[0m  [1m[34mSELECT  "users".* FROM "users" WHERE "users"."id" IS NULL LIMIT ?[0m  [["LIMIT", 1]]
  Rendered layouts/_header.html.erb (6.5ms)
  Rendered layouts/_footer.html.erb (1.4ms)
Completed 200 OK in 219ms (Views: 170.2ms | ActiveRecord: 5.8ms)


Started GET "/" for 127.0.0.1 at 2017-10-31 12:19:27 +0100
Processing by StaticPagesController#home as HTML
  Rendering static_pages/home.html.erb within layouts/application
  [1m[36mUser Load (0.6ms)[0m  [1m[34mSELECT  "users".* FROM "users" WHERE "users"."id" IS NULL LIMIT ?[0m  [["LIMIT", 1]]
  Rendered static_pages/home.html.erb within layouts/application (6.2ms)
  Rendered layouts/_shim.html.erb (1.1ms)
  [1m[36mCACHE User Load (0.1ms)[0m  [1m[34mSELECT  "users".* FROM "users" WHERE "users"."id" IS NULL LIMIT ?[0m  [["LIMIT", 1]]
  Rendered layouts/_header.html.erb (5.5ms)
  Rendered layouts/_footer.html.erb (1.4ms)
Completed 200 OK in 168ms (Views: 164.3ms | ActiveRecord: 0.7ms)


Started GET "/signup" for 127.0.0.1 at 2017-10-31 12:19:29 +0100
Processing by UsersController#new as HTML
  Rendering users/new.html.erb within layouts/application
  Rendered shared/_error_messages.html.erb (1.7ms)
  Rendered users/_form.html.erb (10.5ms)
  Rendered users/new.html.erb within layouts/application (14.2ms)
  Rendered layouts/_shim.html.erb (1.3ms)
  [1m[36mUser Load (0.7ms)[0m  [1m[34mSELECT  "users".* FROM "users" WHERE "users"."id" IS NULL LIMIT ?[0m  [["LIMIT", 1]]
  Rendered layouts/_header.html.erb (6.7ms)
  Rendered layouts/_footer.html.erb (1.5ms)
Completed 200 OK in 152ms (Views: 147.5ms | ActiveRecord: 0.7ms)


Started GET "/signup" for 127.0.0.1 at 2017-10-31 12:19:56 +0100
Processing by UsersController#new as HTML
  Rendering users/new.html.erb within layouts/application
  Rendered shared/_error_messages.html.erb (1.5ms)
  Rendered users/_form.html.erb (14.7ms)
  Rendered users/new.html.erb within layouts/application (18.6ms)
  Rendered layouts/_shim.html.erb (1.1ms)
  [1m[36mUser Load (0.6ms)[0m  [1m[34mSELECT  "users".* FROM "users" WHERE "users"."id" IS NULL LIMIT ?[0m  [["LIMIT", 1]]
  Rendered layouts/_header.html.erb (7.2ms)
  Rendered layouts/_footer.html.erb (1.6ms)
Completed 200 OK in 5057ms (Views: 5051.8ms | ActiveRecord: 0.6ms)


Started GET "/" for 127.0.0.1 at 2017-10-31 12:20:04 +0100
Processing by StaticPagesController#home as HTML
  Rendering static_pages/home.html.erb within layouts/application
  [1m[36mUser Load (0.7ms)[0m  [1m[34mSELECT  "users".* FROM "users" WHERE "users"."id" IS NULL LIMIT ?[0m  [["LIMIT", 1]]
  Rendered static_pages/home.html.erb within layouts/application (5.9ms)
  Rendered layouts/_shim.html.erb (1.1ms)
  [1m[36mCACHE User Load (0.1ms)[0m  [1m[34mSELECT  "users".* FROM "users" WHERE "users"."id" IS NULL LIMIT ?[0m  [["LIMIT", 1]]
  Rendered layouts/_header.html.erb (5.8ms)
  Rendered layouts/_footer.html.erb (1.6ms)
Completed 200 OK in 195ms (Views: 190.3ms | ActiveRecord: 0.7ms)


Started GET "/signup" for 127.0.0.1 at 2017-10-31 12:20:06 +0100
Processing by UsersController#new as HTML
  Rendering users/new.html.erb within layouts/application
  Rendered shared/_error_messages.html.erb (1.6ms)
  Rendered users/_form.html.erb (33.1ms)
  Rendered users/new.html.erb within layouts/application (37.1ms)
  Rendered layouts/_shim.html.erb (1.0ms)
  [1m[36mUser Load (1.3ms)[0m  [1m[34mSELECT  "users".* FROM "users" WHERE "users"."id" IS NULL LIMIT ?[0m  [["LIMIT", 1]]
  Rendered layouts/_header.html.erb (12.5ms)
  Rendered layouts/_footer.html.erb (2.3ms)
Completed 200 OK in 217ms (Views: 212.0ms | ActiveRecord: 1.3ms)


Started GET "/signup" for 127.0.0.1 at 2017-10-31 12:20:39 +0100
Processing by UsersController#new as HTML
  Rendering users/new.html.erb within layouts/application
  Rendered shared/_error_messages.html.erb (2.0ms)
  Rendered users/_form.html.erb (12.3ms)
  Rendered users/new.html.erb within layouts/application (16.0ms)
  Rendered layouts/_shim.html.erb (1.0ms)
  [1m[36mUser Load (0.6ms)[0m  [1m[34mSELECT  "users".* FROM "users" WHERE "users"."id" IS NULL LIMIT ?[0m  [["LIMIT", 1]]
  Rendered layouts/_header.html.erb (6.9ms)
  Rendered layouts/_footer.html.erb (1.4ms)
Completed 200 OK in 219ms (Views: 173.0ms | ActiveRecord: 5.3ms)


Started GET "/" for 127.0.0.1 at 2017-10-31 12:20:44 +0100
Processing by StaticPagesController#home as HTML
  Rendering static_pages/home.html.erb within layouts/application
  [1m[36mUser Load (1.9ms)[0m  [1m[34mSELECT  "users".* FROM "users" WHERE "users"."id" IS NULL LIMIT ?[0m  [["LIMIT", 1]]
  Rendered static_pages/home.html.erb within layouts/application (8.5ms)
  Rendered layouts/_shim.html.erb (1.0ms)
  [1m[36mCACHE User Load (0.1ms)[0m  [1m[34mSELECT  "users".* FROM "users" WHERE "users"."id" IS NULL LIMIT ?[0m  [["LIMIT", 1]]
  Rendered layouts/_header.html.erb (5.2ms)
  Rendered layouts/_footer.html.erb (1.5ms)
Completed 200 OK in 189ms (Views: 183.3ms | ActiveRecord: 2.0ms)


Started GET "/login" for 127.0.0.1 at 2017-10-31 12:20:47 +0100
Processing by SessionsController#new as HTML
  Rendering sessions/new.html.erb within layouts/application
  Rendered sessions/new.html.erb within layouts/application (47.7ms)
  Rendered layouts/_shim.html.erb (1.2ms)
  [1m[36mUser Load (0.6ms)[0m  [1m[34mSELECT  "users".* FROM "users" WHERE "users"."id" IS NULL LIMIT ?[0m  [["LIMIT", 1]]
  Rendered layouts/_header.html.erb (6.1ms)
  Rendered layouts/_footer.html.erb (1.4ms)
Completed 200 OK in 203ms (Views: 198.9ms | ActiveRecord: 0.6ms)


Started GET "/" for 127.0.0.1 at 2017-10-31 12:29:56 +0100
  [1m[35m (1.4ms)[0m  [1m[34mSELECT "schema_migrations"."version" FROM "schema_migrations" ORDER BY "schema_migrations"."version" ASC[0m
Processing by StaticPagesController#home as HTML
  Rendering static_pages/home.html.erb within layouts/application
  [1m[36mUser Load (0.9ms)[0m  [1m[34mSELECT  "users".* FROM "users" WHERE "users"."id" IS NULL LIMIT ?[0m  [["LIMIT", 1]]
  Rendered static_pages/home.html.erb within layouts/application (23.4ms)
  Rendered layouts/_shim.html.erb (1.1ms)
  [1m[36mUser Load (0.5ms)[0m  [1m[34mSELECT  "users".* FROM "users" WHERE "users"."id" IS NULL LIMIT ?[0m  [["LIMIT", 1]]
  Rendered layouts/_header.html.erb (6.4ms)
  Rendered layouts/_footer.html.erb (1.5ms)
Completed 200 OK in 1017ms (Views: 985.3ms | ActiveRecord: 2.5ms)


Started GET "/signup" for 127.0.0.1 at 2017-10-31 12:30:07 +0100
Processing by UsersController#new as HTML
  Rendering users/new.html.erb within layouts/application
  Rendered shared/_error_messages.html.erb (1.8ms)
  Rendered users/_form.html.erb (61.4ms)
  Rendered users/new.html.erb within layouts/application (65.8ms)
  Rendered layouts/_shim.html.erb (1.0ms)
  [1m[36mUser Load (0.7ms)[0m  [1m[34mSELECT  "users".* FROM "users" WHERE "users"."id" IS NULL LIMIT ?[0m  [["LIMIT", 1]]
  Rendered layouts/_header.html.erb (6.6ms)
  Rendered layouts/_footer.html.erb (1.4ms)
Completed 200 OK in 248ms (Views: 202.1ms | ActiveRecord: 5.3ms)


Started POST "/users" for 127.0.0.1 at 2017-10-31 12:30:31 +0100
Processing by UsersController#create as HTML
  Parameters: {"utf8"=>"✓", "authenticity_token"=>"3WGxPcy7FoAGpCRNH3X28PEk/7ukh6f2pyP1lnhpWL3VMnf7dy6HfNVvcBUDn3czeXNnUADUNhpmU9bK7uEitA==", "user"=>{"email"=>"moha@malservi.com", "password"=>"[FILTERED]"}, "commit"=>"Créer un Compte"}
  [1m[35m (0.3ms)[0m  [1m[36mbegin transaction[0m
  [1m[36mUser Exists (0.8ms)[0m  [1m[34mSELECT  1 AS one FROM "users" WHERE LOWER("users"."email") = LOWER(?) LIMIT ?[0m  [["email", "moha@malservi.com"], ["LIMIT", 1]]
  [1m[35mSQL (4.1ms)[0m  [1m[32mINSERT INTO "users" ("email", "created_at", "updated_at", "password_digest") VALUES (?, ?, ?, ?)[0m  [["email", "moha@malservi.com"], ["created_at", "2017-10-31 11:30:31.409752"], ["updated_at", "2017-10-31 11:30:31.409752"], ["password_digest", "$2a$10$hkUXhLMzoNqiYYPgsWxX3.luPzZo9hQsMLSVHRVq4GfVSu75PJ7p."]]
  [1m[35m (156.8ms)[0m  [1m[36mcommit transaction[0m
Redirected to http://localhost:3000/users/2
Completed 302 Found in 367ms (ActiveRecord: 162.0ms)


Started GET "/users/2" for 127.0.0.1 at 2017-10-31 12:30:31 +0100
Processing by UsersController#show as HTML
  Parameters: {"id"=>"2"}
  [1m[36mUser Load (1.1ms)[0m  [1m[34mSELECT  "users".* FROM "users" WHERE "users"."id" = ? LIMIT ?[0m  [["id", 2], ["LIMIT", 1]]
  Rendering users/show.html.erb within layouts/application
  Rendered users/show.html.erb within layouts/application (1.5ms)
  Rendered layouts/_shim.html.erb (1.1ms)
  [1m[36mUser Load (0.4ms)[0m  [1m[34mSELECT  "users".* FROM "users" WHERE "users"."id" = ? LIMIT ?[0m  [["id", 2], ["LIMIT", 1]]
  Rendered layouts/_header.html.erb (8.2ms)
  Rendered layouts/_footer.html.erb (1.9ms)
Completed 200 OK in 171ms (Views: 154.5ms | ActiveRecord: 1.6ms)


Started DELETE "/logout" for 127.0.0.1 at 2017-10-31 12:31:35 +0100
Processing by SessionsController#destroy as HTML
  Parameters: {"authenticity_token"=>"VO9LSQ58iqdhI+4OPA/jYL+r/Fvq5gDb3uKjOnYhVMQd+fZ7TIphlS+4z3Z17r9ZRHdciOPAQnuEZNmDX5/PBw=="}
  [1m[36mUser Load (0.5ms)[0m  [1m[34mSELECT  "users".* FROM "users" WHERE "users"."id" = ? LIMIT ?[0m  [["id", 2], ["LIMIT", 1]]
Redirected to http://localhost:3000/
Completed 302 Found in 7ms (ActiveRecord: 0.5ms)


Started GET "/" for 127.0.0.1 at 2017-10-31 12:31:35 +0100
Processing by StaticPagesController#home as HTML
  Rendering static_pages/home.html.erb within layouts/application
  [1m[36mUser Load (0.8ms)[0m  [1m[34mSELECT  "users".* FROM "users" WHERE "users"."id" IS NULL LIMIT ?[0m  [["LIMIT", 1]]
  Rendered static_pages/home.html.erb within layouts/application (6.1ms)
  Rendered layouts/_shim.html.erb (1.3ms)
  [1m[36mCACHE User Load (0.1ms)[0m  [1m[34mSELECT  "users".* FROM "users" WHERE "users"."id" IS NULL LIMIT ?[0m  [["LIMIT", 1]]
  Rendered layouts/_header.html.erb (5.6ms)
  Rendered layouts/_footer.html.erb (1.3ms)
Completed 200 OK in 191ms (Views: 186.6ms | ActiveRecord: 0.8ms)


  [1m[35m (0.7ms)[0m  [1m[34mSELECT "schema_migrations"."version" FROM "schema_migrations" ORDER BY "schema_migrations"."version" ASC[0m
  [1m[36mActiveRecord::InternalMetadata Load (1.9ms)[0m  [1m[34mSELECT  "ar_internal_metadata".* FROM "ar_internal_metadata" WHERE "ar_internal_metadata"."key" = ? LIMIT ?[0m  [["key", "environment"], ["LIMIT", 1]]
  [1m[35m (0.3ms)[0m  [1m[36mbegin transaction[0m
  [1m[35m (0.3ms)[0m  [1m[36mcommit transaction[0m
  [1m[35m (0.4ms)[0m  [1m[34mSELECT "schema_migrations"."version" FROM "schema_migrations" ORDER BY "schema_migrations"."version" ASC[0m
Started GET "/" for 127.0.0.1 at 2017-11-01 14:52:52 +0100
  [1m[35m (0.8ms)[0m  [1m[34mSELECT "schema_migrations"."version" FROM "schema_migrations" ORDER BY "schema_migrations"."version" ASC[0m
Processing by StaticPagesController#home as HTML
  Rendering static_pages/home.html.erb within layouts/application
  [1m[36mUser Load (17.3ms)[0m  [1m[34mSELECT  "users".* FROM "users" WHERE "users"."id" IS NULL LIMIT ?[0m  [["LIMIT", 1]]
  Rendered static_pages/home.html.erb within layouts/application (51.1ms)
  Rendered layouts/_shim.html.erb (2.3ms)
  [1m[36mUser Load (0.5ms)[0m  [1m[34mSELECT  "users".* FROM "users" WHERE "users"."id" IS NULL LIMIT ?[0m  [["LIMIT", 1]]
  Rendered layouts/_header.html.erb (10.8ms)
  Rendered layouts/_footer.html.erb (2.1ms)
Completed 200 OK in 8801ms (Views: 8723.6ms | ActiveRecord: 19.5ms)


Started GET "/signup" for 127.0.0.1 at 2017-11-01 14:53:07 +0100
Processing by UsersController#new as HTML
  Rendering users/new.html.erb within layouts/application
  Rendered shared/_error_messages.html.erb (1.7ms)
  Rendered users/_form.html.erb (203.7ms)
  Rendered users/new.html.erb within layouts/application (213.1ms)
  Rendered layouts/_shim.html.erb (1.0ms)
  [1m[36mUser Load (0.7ms)[0m  [1m[34mSELECT  "users".* FROM "users" WHERE "users"."id" IS NULL LIMIT ?[0m  [["LIMIT", 1]]
  Rendered layouts/_header.html.erb (6.3ms)
  Rendered layouts/_footer.html.erb (1.5ms)
Completed 200 OK in 510ms (Views: 463.8ms | ActiveRecord: 3.5ms)


Started POST "/users" for 127.0.0.1 at 2017-11-01 14:53:10 +0100
Processing by UsersController#create as HTML
  Parameters: {"utf8"=>"✓", "authenticity_token"=>"5nrZWqNNtn2pzxKfUbP55i30OWIHg993arPWGiuq8cV9oHXGRzJ/GJxyM3aHpAP8IxRautfcZBPu4JAvI+LNxw==", "user"=>{"email"=>"moha@malservi.com", "password"=>"[FILTERED]"}, "commit"=>"Créer un Compte"}
  [1m[35m (0.3ms)[0m  [1m[36mbegin transaction[0m
  [1m[36mUser Exists (0.9ms)[0m  [1m[34mSELECT  1 AS one FROM "users" WHERE LOWER("users"."email") = LOWER(?) LIMIT ?[0m  [["email", "moha@malservi.com"], ["LIMIT", 1]]
  [1m[35m (0.6ms)[0m  [1m[31mrollback transaction[0m
  Rendering users/new.html.erb within layouts/application
  Rendered shared/_error_messages.html.erb (2.4ms)
  Rendered users/_form.html.erb (13.0ms)
  Rendered users/new.html.erb within layouts/application (16.5ms)
  Rendered layouts/_shim.html.erb (1.2ms)
  [1m[36mUser Load (0.6ms)[0m  [1m[34mSELECT  "users".* FROM "users" WHERE "users"."id" IS NULL LIMIT ?[0m  [["LIMIT", 1]]
  Rendered layouts/_header.html.erb (6.3ms)
  Rendered layouts/_footer.html.erb (2.6ms)
Completed 200 OK in 380ms (Views: 172.1ms | ActiveRecord: 2.3ms)


Started GET "/users" for 127.0.0.1 at 2017-11-01 14:53:22 +0100
Processing by UsersController#index as HTML
  [1m[36mUser Load (0.9ms)[0m  [1m[34mSELECT  "users".* FROM "users" WHERE "users"."id" IS NULL LIMIT ?[0m  [["LIMIT", 1]]
Redirected to http://localhost:3000/login
Filter chain halted as :logged_in_user rendered or redirected
Completed 302 Found in 11ms (ActiveRecord: 0.9ms)


Started GET "/login" for 127.0.0.1 at 2017-11-01 14:53:22 +0100
Processing by SessionsController#new as HTML
  Rendering sessions/new.html.erb within layouts/application
  Rendered sessions/new.html.erb within layouts/application (6.3ms)
  Rendered layouts/_shim.html.erb (1.3ms)
  [1m[36mUser Load (0.7ms)[0m  [1m[34mSELECT  "users".* FROM "users" WHERE "users"."id" IS NULL LIMIT ?[0m  [["LIMIT", 1]]
  Rendered layouts/_header.html.erb (6.5ms)
  Rendered layouts/_footer.html.erb (1.5ms)
Completed 200 OK in 185ms (Views: 170.2ms | ActiveRecord: 0.7ms)


Started POST "/login" for 127.0.0.1 at 2017-11-01 14:53:25 +0100
Processing by SessionsController#create as HTML
  Parameters: {"utf8"=>"✓", "authenticity_token"=>"qvVY3OcjqBTvWB9YtmBTSGF4fUW9rELL0tiXlZrptFtYmMPZgSgzSw7SYhA01q5OmKSl3QMW2MD4IQWN3wKf7Q==", "session"=>{"email"=>"moha@malservi.com", "password"=>"[FILTERED]"}, "commit"=>"Log in"}
  [1m[36mUser Load (0.8ms)[0m  [1m[34mSELECT  "users".* FROM "users" WHERE "users"."email" = ? LIMIT ?[0m  [["email", "moha@malservi.com"], ["LIMIT", 1]]
Redirected to http://localhost:3000/users/2
Completed 302 Found in 469ms (ActiveRecord: 0.8ms)


Started GET "/users/2" for 127.0.0.1 at 2017-11-01 14:53:26 +0100
Processing by UsersController#show as HTML
  Parameters: {"id"=>"2"}
  [1m[36mUser Load (0.9ms)[0m  [1m[34mSELECT  "users".* FROM "users" WHERE "users"."id" = ? LIMIT ?[0m  [["id", 2], ["LIMIT", 1]]
  Rendering users/show.html.erb within layouts/application
  Rendered users/show.html.erb within layouts/application (1.4ms)
  Rendered layouts/_shim.html.erb (1.1ms)
  [1m[36mUser Load (0.5ms)[0m  [1m[34mSELECT  "users".* FROM "users" WHERE "users"."id" = ? LIMIT ?[0m  [["id", 2], ["LIMIT", 1]]
  Rendered layouts/_header.html.erb (8.1ms)
  Rendered layouts/_footer.html.erb (1.7ms)
Completed 200 OK in 231ms (Views: 202.0ms | ActiveRecord: 1.4ms)


Started GET "/users" for 127.0.0.1 at 2017-11-01 14:53:31 +0100
Processing by UsersController#index as HTML
  [1m[36mUser Load (0.4ms)[0m  [1m[34mSELECT  "users".* FROM "users" WHERE "users"."id" = ? LIMIT ?[0m  [["id", 2], ["LIMIT", 1]]
  Rendering users/index.html.erb within layouts/application
  [1m[36mUser Load (6.1ms)[0m  [1m[34mSELECT "users".* FROM "users"[0m
  Rendered users/index.html.erb within layouts/application (19.0ms)
  Rendered layouts/_shim.html.erb (1.4ms)
  Rendered layouts/_header.html.erb (3.9ms)
  Rendered layouts/_footer.html.erb (1.5ms)
Completed 200 OK in 741ms (Views: 685.4ms | ActiveRecord: 6.5ms)


Started GET "/" for 127.0.0.1 at 2017-11-01 14:53:34 +0100
Processing by StaticPagesController#home as HTML
  Rendering static_pages/home.html.erb within layouts/application
  [1m[36mUser Load (0.4ms)[0m  [1m[34mSELECT  "users".* FROM "users" WHERE "users"."id" = ? LIMIT ?[0m  [["id", 2], ["LIMIT", 1]]
  Rendered static_pages/home.html.erb within layouts/application (4.8ms)
  Rendered layouts/_shim.html.erb (2.7ms)
  Rendered layouts/_header.html.erb (11.8ms)
  Rendered layouts/_footer.html.erb (1.8ms)
Completed 200 OK in 250ms (Views: 246.2ms | ActiveRecord: 0.4ms)


